2026-01-29 14:04:36.800765: I tensorflow/core/util/port.cc:153] oneDNN custom operations are on. You may see slightly different numerical results due to floating-point round-off errors from different computation orders. To turn them off, set the environment variable `TF_ENABLE_ONEDNN_OPTS=0`.
2026-01-29 14:04:36.870890: I tensorflow/core/platform/cpu_feature_guard.cc:210] This TensorFlow binary is optimized to use available CPU instructions in performance-critical operations.
To enable the following instructions: AVX2 AVX512F AVX512_VNNI FMA, in other operations, rebuild TensorFlow with the appropriate compiler flags.
2026-01-29 14:04:38.293131: I tensorflow/core/util/port.cc:153] oneDNN custom operations are on. You may see slightly different numerical results due to floating-point round-off errors from different computation orders. To turn them off, set the environment variable `TF_ENABLE_ONEDNN_OPTS=0`.
Initializing ParquetItemProcessor with target_size=512...
Loading datasets: ['tyfeld/editworld-reasoning']
  Loading tyfeld/editworld-reasoning...
    Loaded 7736 samples
Total number of items: 7736
Starting from index 4114
Rank 17/32: Processing items 4114 to 4355
(512, 512)
(512, 512)
(512, 512)
(512, 512)
(512, 512)
(512, 512)
(512, 512)
(512, 512)
(512, 512)
(512, 512)
(512, 512)
(512, 512)
(512, 512)
(512, 512)
(512, 512)
(512, 512)
(512, 512)
(512, 512)
(512, 512)
(512, 512)
(512, 512)
(512, 512)
(512, 512)
(512, 512)
(512, 512)
(512, 512)
(512, 512)
(512, 512)
(512, 512)
(512, 512)
(512, 512)
(512, 512)
(512, 512)
(512, 512)
(512, 512)
(512, 512)
(512, 512)
(512, 512)
(512, 512)
(512, 512)
(512, 512)
(512, 512)
(512, 512)
(512, 512)
(512, 512)
(512, 512)
(512, 512)
(512, 512)
(512, 512)
(512, 512)
(512, 512)
(512, 512)
(512, 512)
(512, 512)
(512, 512)
(512, 512)
(512, 512)
(512, 512)
(512, 512)
(512, 512)
(512, 512)
(512, 512)
(512, 512)
(512, 512)
(512, 512)
(512, 512)
(512, 512)
(512, 512)
(512, 512)
(512, 512)
(512, 512)
(512, 512)
(512, 512)
(512, 512)
(512, 512)
(512, 512)
(512, 512)
(512, 512)
(512, 512)
(512, 512)
(512, 512)
(512, 512)
(512, 512)
(512, 512)
(512, 512)
(512, 512)
(512, 512)
(512, 512)
(512, 512)
(512, 512)
(512, 512)
(512, 512)
(512, 512)
(512, 512)
(512, 512)
(512, 512)
(512, 512)
(512, 512)
(512, 512)
(512, 512)
(512, 512)
(512, 512)
(512, 512)
(512, 512)
(512, 512)
(512, 512)
(512, 512)
(512, 512)
(512, 512)
(512, 512)
(512, 512)
(512, 512)
(512, 512)
(512, 512)
(512, 512)
(512, 512)
(512, 512)
(512, 512)
(512, 512)
(512, 512)
(512, 512)
(512, 512)
(512, 512)
(512, 512)
(512, 512)
(512, 512)
(512, 512)
(512, 512)
(512, 512)
(512, 512)
(512, 512)
(512, 512)
(512, 512)
(512, 512)
(512, 512)
(512, 512)
(512, 512)
(512, 512)
(512, 512)
(512, 512)
(512, 512)
(512, 512)
(512, 512)
(512, 512)
(512, 512)
(512, 512)
(512, 512)
(512, 512)
(512, 512)
(512, 512)
(512, 512)
(512, 512)
(512, 512)
(512, 512)
(512, 512)
(512, 512)
(512, 512)
(512, 512)
(512, 512)
(512, 512)
(512, 512)
(512, 512)
(512, 512)
(512, 512)
(512, 512)
(512, 512)
(512, 512)
(512, 512)
(512, 512)
(512, 512)
(512, 512)
(512, 512)
Rank 17: Progress 4200/4356 (processed: 86, skipped: 0)
(512, 512)
(512, 512)
(512, 512)
(512, 512)
(512, 512)
(512, 512)
(512, 512)
(512, 512)
(512, 512)
(512, 512)
(512, 512)
(512, 512)
(512, 512)
(512, 512)
(512, 512)
(512, 512)
(512, 512)
(512, 512)
(512, 512)
(512, 512)
(512, 512)
(512, 512)
(512, 512)
(512, 512)
(512, 512)
(512, 512)
(512, 512)
(512, 512)
(512, 512)
(512, 512)
(512, 512)
(512, 512)
(512, 512)
(512, 512)
(512, 512)
(512, 512)
(512, 512)
(512, 512)
(512, 512)
(512, 512)
(512, 512)
(512, 512)
(512, 512)
(512, 512)
(512, 512)
(512, 512)
(512, 512)
(512, 512)
(512, 512)
(512, 512)
(512, 512)
(512, 512)
(512, 512)
(512, 512)
(512, 512)
(512, 512)
(512, 512)
(512, 512)
(512, 512)
(512, 512)
(512, 512)
(512, 512)
(512, 512)
(512, 512)
(512, 512)
(512, 512)
(512, 512)
(512, 512)
(512, 512)
(512, 512)
(512, 512)
(512, 512)
(512, 512)
(512, 512)
(512, 512)
(512, 512)
(512, 512)
(512, 512)
(512, 512)
(512, 512)
(512, 512)
(512, 512)
(512, 512)
(512, 512)
(512, 512)
(512, 512)
(512, 512)
(512, 512)
(512, 512)
(512, 512)
(512, 512)
(512, 512)
(512, 512)
(512, 512)
(512, 512)
(512, 512)
(512, 512)
(512, 512)
(512, 512)
(512, 512)
(512, 512)
(512, 512)
(512, 512)
(512, 512)
(512, 512)
(512, 512)
(512, 512)
(512, 512)
(512, 512)
(512, 512)
(512, 512)
(512, 512)
(512, 512)
(512, 512)
(512, 512)
(512, 512)
(512, 512)
(512, 512)
(512, 512)
(512, 512)
(512, 512)
(512, 512)
(512, 512)
(512, 512)
(512, 512)
(512, 512)
(512, 512)
(512, 512)
(512, 512)
(512, 512)
(512, 512)
(512, 512)
(512, 512)
(512, 512)
(512, 512)
(512, 512)
(512, 512)
(512, 512)
(512, 512)
(512, 512)
(512, 512)
(512, 512)
(512, 512)
(512, 512)
(512, 512)
(512, 512)
(512, 512)
(512, 512)
(512, 512)
(512, 512)
(512, 512)
(512, 512)
(512, 512)
(512, 512)
(512, 512)
(512, 512)
(512, 512)
(512, 512)
(512, 512)
(512, 512)
(512, 512)
(512, 512)
(512, 512)
(512, 512)
(512, 512)
(512, 512)
(512, 512)
(512, 512)
(512, 512)
(512, 512)
(512, 512)
(512, 512)
(512, 512)
(512, 512)
(512, 512)
(512, 512)
(512, 512)
(512, 512)
(512, 512)
(512, 512)
(512, 512)
(512, 512)
(512, 512)
(512, 512)
(512, 512)
(512, 512)
(512, 512)
(512, 512)
(512, 512)
(512, 512)
(512, 512)
(512, 512)
(512, 512)
(512, 512)
(512, 512)
(512, 512)
(512, 512)
(512, 512)
(512, 512)
(512, 512)
Rank 17: Progress 4300/4356 (processed: 186, skipped: 0)
(512, 512)
(512, 512)
(512, 512)
(512, 512)
(512, 512)
(512, 512)
(512, 512)
(512, 512)
(512, 512)
(512, 512)
(512, 512)
(512, 512)
(512, 512)
(512, 512)
(512, 512)
(512, 512)
(512, 512)
(512, 512)
(512, 512)
(512, 512)
(512, 512)
(512, 512)
(512, 512)
(512, 512)
(512, 512)
(512, 512)
(512, 512)
(512, 512)
(512, 512)
(512, 512)
(512, 512)
(512, 512)
(512, 512)
(512, 512)
(512, 512)
(512, 512)
(512, 512)
(512, 512)
(512, 512)
(512, 512)
(512, 512)
(512, 512)
(512, 512)
(512, 512)
(512, 512)
(512, 512)
(512, 512)
(512, 512)
(512, 512)
(512, 512)
(512, 512)
(512, 512)
(512, 512)
(512, 512)
(512, 512)
(512, 512)
(512, 512)
(512, 512)
(512, 512)
(512, 512)
(512, 512)
(512, 512)
(512, 512)
(512, 512)
(512, 512)
(512, 512)
(512, 512)
(512, 512)
(512, 512)
(512, 512)
(512, 512)
(512, 512)
(512, 512)
(512, 512)
(512, 512)
(512, 512)
(512, 512)
(512, 512)
(512, 512)
(512, 512)
(512, 512)
(512, 512)
(512, 512)
(512, 512)
(512, 512)
(512, 512)
(512, 512)
(512, 512)
(512, 512)
(512, 512)
(512, 512)
(512, 512)
(512, 512)
(512, 512)
(512, 512)
(512, 512)
(512, 512)
(512, 512)
(512, 512)
(512, 512)
(512, 512)
(512, 512)
(512, 512)
(512, 512)
(512, 512)
(512, 512)
(512, 512)
(512, 512)
(512, 512)
(512, 512)
(512, 512)
(512, 512)
Rank 17 finished!
  Total processed: 242
  Total skipped: 0
