2026-01-29 14:04:35.418297: I tensorflow/core/util/port.cc:153] oneDNN custom operations are on. You may see slightly different numerical results due to floating-point round-off errors from different computation orders. To turn them off, set the environment variable `TF_ENABLE_ONEDNN_OPTS=0`.
2026-01-29 14:04:35.595445: I tensorflow/core/platform/cpu_feature_guard.cc:210] This TensorFlow binary is optimized to use available CPU instructions in performance-critical operations.
To enable the following instructions: AVX2 AVX512F AVX512_VNNI FMA, in other operations, rebuild TensorFlow with the appropriate compiler flags.
2026-01-29 14:04:36.975714: I tensorflow/core/util/port.cc:153] oneDNN custom operations are on. You may see slightly different numerical results due to floating-point round-off errors from different computation orders. To turn them off, set the environment variable `TF_ENABLE_ONEDNN_OPTS=0`.
Initializing ParquetItemProcessor with target_size=512...
Loading datasets: ['tyfeld/editworld-reasoning']
  Loading tyfeld/editworld-reasoning...
    Loaded 7736 samples
Total number of items: 7736
Starting from index 484
Rank 2/32: Processing items 484 to 725
(512, 512)
(512, 512)
(512, 512)
(512, 512)
(512, 512)
(512, 512)
(512, 512)
(512, 512)
(512, 512)
(512, 512)
(512, 512)
(512, 512)
(512, 512)
(512, 512)
(512, 512)
(512, 512)
(512, 512)
(512, 512)
(512, 512)
(512, 512)
(512, 512)
(512, 512)
(512, 512)
(512, 512)
(512, 512)
(512, 512)
(512, 512)
(512, 512)
(512, 512)
(512, 512)
(512, 512)
(512, 512)
Rank 2: Progress 500/726 (processed: 16, skipped: 0)
(512, 512)
(512, 512)
(512, 512)
(512, 512)
(512, 512)
(512, 512)
(512, 512)
(512, 512)
(512, 512)
(512, 512)
(512, 512)
(512, 512)
(512, 512)
(512, 512)
(512, 512)
(512, 512)
(512, 512)
(512, 512)
(512, 512)
(512, 512)
(512, 512)
(512, 512)
(512, 512)
(512, 512)
(512, 512)
(512, 512)
(512, 512)
(512, 512)
(512, 512)
(512, 512)
(512, 512)
(512, 512)
(512, 512)
(512, 512)
(512, 512)
(512, 512)
(512, 512)
(512, 512)
(512, 512)
(512, 512)
(512, 512)
(512, 512)
(512, 512)
(512, 512)
(512, 512)
(512, 512)
(512, 512)
(512, 512)
(512, 512)
(512, 512)
(512, 512)
(512, 512)
(512, 512)
(512, 512)
(512, 512)
(512, 512)
(512, 512)
(512, 512)
(512, 512)
(512, 512)
(512, 512)
(512, 512)
(512, 512)
(512, 512)
(512, 512)
(512, 512)
(512, 512)
(512, 512)
(512, 512)
(512, 512)
(512, 512)
(512, 512)
(512, 512)
(512, 512)
(512, 512)
(512, 512)
(512, 512)
(512, 512)
(512, 512)
(512, 512)
(512, 512)
(512, 512)
(512, 512)
(512, 512)
(512, 512)
(512, 512)
(512, 512)
(512, 512)
(512, 512)
(512, 512)
(512, 512)
(512, 512)
(512, 512)
(512, 512)
(512, 512)
(512, 512)
(512, 512)
(512, 512)
(512, 512)
(512, 512)
(512, 512)
(512, 512)
(512, 512)
(512, 512)
(512, 512)
(512, 512)
(512, 512)
(512, 512)
(512, 512)
(512, 512)
(512, 512)
(512, 512)
(512, 512)
(512, 512)
(512, 512)
(512, 512)
(512, 512)
(512, 512)
(512, 512)
(512, 512)
(512, 512)
(512, 512)
(512, 512)
(512, 512)
(512, 512)
(512, 512)
(512, 512)
(512, 512)
(512, 512)
(512, 512)
(512, 512)
(512, 512)
(512, 512)
(512, 512)
(512, 512)
(512, 512)
(512, 512)
(512, 512)
(512, 512)
(512, 512)
(512, 512)
(512, 512)
(512, 512)
(512, 512)
(512, 512)
(512, 512)
(512, 512)
(512, 512)
(512, 512)
(512, 512)
(512, 512)
(512, 512)
(512, 512)
(512, 512)
(512, 512)
(512, 512)
(512, 512)
(512, 512)
(512, 512)
(512, 512)
(512, 512)
(512, 512)
(512, 512)
(512, 512)
(512, 512)
(512, 512)
(512, 512)
(512, 512)
(512, 512)
(512, 512)
(512, 512)
(512, 512)
(512, 512)
(512, 512)
(512, 512)
(512, 512)
(512, 512)
(512, 512)
(512, 512)
(512, 512)
(512, 512)
(512, 512)
(512, 512)
(512, 512)
(512, 512)
(512, 512)
(512, 512)
(512, 512)
(512, 512)
(512, 512)
(512, 512)
(512, 512)
(512, 512)
(512, 512)
(512, 512)
(512, 512)
(512, 512)
(512, 512)
(512, 512)
(512, 512)
Rank 2: Progress 600/726 (processed: 116, skipped: 0)
(512, 512)
(512, 512)
(512, 512)
(512, 512)
(512, 512)
(512, 512)
(512, 512)
(512, 512)
(512, 512)
(512, 512)
(512, 512)
(512, 512)
(512, 512)
(512, 512)
(512, 512)
(512, 512)
(512, 512)
(512, 512)
(512, 512)
(512, 512)
(512, 512)
(512, 512)
(512, 512)
(512, 512)
(512, 512)
(512, 512)
(512, 512)
(512, 512)
(512, 512)
(512, 512)
(512, 512)
(512, 512)
(512, 512)
(512, 512)
(512, 512)
(512, 512)
(512, 512)
(512, 512)
(512, 512)
(512, 512)
(512, 512)
(512, 512)
(512, 512)
(512, 512)
(512, 512)
(512, 512)
(512, 512)
(512, 512)
(512, 512)
(512, 512)
(512, 512)
(512, 512)
(512, 512)
(512, 512)
(512, 512)
(512, 512)
(512, 512)
(512, 512)
(512, 512)
(512, 512)
(512, 512)
(512, 512)
(512, 512)
(512, 512)
(512, 512)
(512, 512)
(512, 512)
(512, 512)
(512, 512)
(512, 512)
(512, 512)
(512, 512)
(512, 512)
(512, 512)
(512, 512)
(512, 512)
(512, 512)
(512, 512)
(512, 512)
(512, 512)
(512, 512)
(512, 512)
(512, 512)
(512, 512)
(512, 512)
(512, 512)
(512, 512)
(512, 512)
(512, 512)
(512, 512)
(512, 512)
(512, 512)
(512, 512)
(512, 512)
(512, 512)
(512, 512)
(512, 512)
(512, 512)
(512, 512)
(512, 512)
(512, 512)
(512, 512)
(512, 512)
(512, 512)
(512, 512)
(512, 512)
(512, 512)
(512, 512)
(512, 512)
(512, 512)
(512, 512)
(512, 512)
(512, 512)
(512, 512)
(512, 512)
(512, 512)
(512, 512)
(512, 512)
(512, 512)
(512, 512)
(512, 512)
(512, 512)
(512, 512)
(512, 512)
(512, 512)
(512, 512)
(512, 512)
(512, 512)
(512, 512)
(512, 512)
(512, 512)
(512, 512)
(512, 512)
(512, 512)
(512, 512)
(512, 512)
(512, 512)
(512, 512)
(512, 512)
(512, 512)
(512, 512)
(512, 512)
(512, 512)
(512, 512)
(512, 512)
(512, 512)
(512, 512)
(512, 512)
(512, 512)
(512, 512)
(512, 512)
(512, 512)
(512, 512)
(512, 512)
(512, 512)
(512, 512)
(512, 512)
(512, 512)
(512, 512)
(512, 512)
(512, 512)
(512, 512)
(512, 512)
(512, 512)
(512, 512)
(512, 512)
(512, 512)
(512, 512)
(512, 512)
(512, 512)
(512, 512)
(512, 512)
(512, 512)
(512, 512)
(512, 512)
(512, 512)
(512, 512)
(512, 512)
(512, 512)
(512, 512)
(512, 512)
(512, 512)
(512, 512)
(512, 512)
(512, 512)
(512, 512)
(512, 512)
(512, 512)
(512, 512)
(512, 512)
(512, 512)
(512, 512)
(512, 512)
(512, 512)
(512, 512)
(512, 512)
(512, 512)
(512, 512)
(512, 512)
(512, 512)
Rank 2: Progress 700/726 (processed: 216, skipped: 0)
(512, 512)
(512, 512)
(512, 512)
(512, 512)
(512, 512)
(512, 512)
(512, 512)
(512, 512)
(512, 512)
(512, 512)
(512, 512)
(512, 512)
(512, 512)
(512, 512)
(512, 512)
(512, 512)
(512, 512)
(512, 512)
(512, 512)
(512, 512)
(512, 512)
(512, 512)
(512, 512)
(512, 512)
(512, 512)
(512, 512)
(512, 512)
(512, 512)
(512, 512)
(512, 512)
(512, 512)
(512, 512)
(512, 512)
(512, 512)
(512, 512)
(512, 512)
(512, 512)
(512, 512)
(512, 512)
(512, 512)
(512, 512)
(512, 512)
(512, 512)
(512, 512)
(512, 512)
(512, 512)
(512, 512)
(512, 512)
(512, 512)
(512, 512)
(512, 512)
(512, 512)
Rank 2 finished!
  Total processed: 242
  Total skipped: 0
