2026-01-29 14:04:36.869661: I tensorflow/core/util/port.cc:153] oneDNN custom operations are on. You may see slightly different numerical results due to floating-point round-off errors from different computation orders. To turn them off, set the environment variable `TF_ENABLE_ONEDNN_OPTS=0`.
2026-01-29 14:04:36.943884: I tensorflow/core/platform/cpu_feature_guard.cc:210] This TensorFlow binary is optimized to use available CPU instructions in performance-critical operations.
To enable the following instructions: AVX2 AVX512F AVX512_VNNI FMA, in other operations, rebuild TensorFlow with the appropriate compiler flags.
2026-01-29 14:04:38.276030: I tensorflow/core/util/port.cc:153] oneDNN custom operations are on. You may see slightly different numerical results due to floating-point round-off errors from different computation orders. To turn them off, set the environment variable `TF_ENABLE_ONEDNN_OPTS=0`.
Initializing ParquetItemProcessor with target_size=512...
Loading datasets: ['tyfeld/editworld-reasoning']
  Loading tyfeld/editworld-reasoning...
    Loaded 7736 samples
Total number of items: 7736
Starting from index 7260
Rank 30/32: Processing items 7260 to 7501
(512, 512)
(512, 512)
(512, 512)
(512, 512)
(512, 512)
(512, 512)
(512, 512)
(512, 512)
(512, 512)
(512, 512)
(512, 512)
(512, 512)
(512, 512)
(512, 512)
(512, 512)
(512, 512)
(512, 512)
(512, 512)
(512, 512)
(512, 512)
(512, 512)
(512, 512)
(512, 512)
(512, 512)
(512, 512)
(512, 512)
(512, 512)
(512, 512)
(512, 512)
(512, 512)
(512, 512)
(512, 512)
(512, 512)
(512, 512)
(512, 512)
(512, 512)
(512, 512)
(512, 512)
(512, 512)
(512, 512)
(512, 512)
(512, 512)
(512, 512)
(512, 512)
(512, 512)
(512, 512)
(512, 512)
(512, 512)
(512, 512)
(512, 512)
(512, 512)
(512, 512)
(512, 512)
(512, 512)
(512, 512)
(512, 512)
(512, 512)
(512, 512)
(512, 512)
(512, 512)
(512, 512)
(512, 512)
(512, 512)
(512, 512)
(512, 512)
(512, 512)
(512, 512)
(512, 512)
(512, 512)
(512, 512)
(512, 512)
(512, 512)
(512, 512)
(512, 512)
(512, 512)
(512, 512)
(512, 512)
(512, 512)
(512, 512)
(512, 512)
Rank 30: Progress 7300/7502 (processed: 40, skipped: 0)
(512, 512)
(512, 512)
(512, 512)
(512, 512)
(512, 512)
(512, 512)
(512, 512)
(512, 512)
(512, 512)
(512, 512)
(512, 512)
(512, 512)
(512, 512)
(512, 512)
(512, 512)
(512, 512)
(512, 512)
(512, 512)
(512, 512)
(512, 512)
(512, 512)
(512, 512)
(512, 512)
(512, 512)
(512, 512)
(512, 512)
(512, 512)
(512, 512)
(512, 512)
(512, 512)
(512, 512)
(512, 512)
(512, 512)
(512, 512)
(512, 512)
(512, 512)
(512, 512)
(512, 512)
(512, 512)
(512, 512)
(512, 512)
(512, 512)
(512, 512)
(512, 512)
(512, 512)
(512, 512)
(512, 512)
(512, 512)
(512, 512)
(512, 512)
(512, 512)
(512, 512)
(512, 512)
(512, 512)
(512, 512)
(512, 512)
(512, 512)
(512, 512)
(512, 512)
(512, 512)
(512, 512)
(512, 512)
(512, 512)
(512, 512)
(512, 512)
(512, 512)
(512, 512)
(512, 512)
(512, 512)
(512, 512)
(512, 512)
(512, 512)
(512, 512)
(512, 512)
(512, 512)
(512, 512)
(512, 512)
(512, 512)
(512, 512)
(512, 512)
(512, 512)
(512, 512)
(512, 512)
(512, 512)
(512, 512)
(512, 512)
(512, 512)
(512, 512)
(512, 512)
(512, 512)
(512, 512)
(512, 512)
(512, 512)
(512, 512)
(512, 512)
(512, 512)
(512, 512)
(512, 512)
(512, 512)
(512, 512)
(512, 512)
(512, 512)
(512, 512)
(512, 512)
(512, 512)
(512, 512)
(512, 512)
(512, 512)
(512, 512)
(512, 512)
(512, 512)
(512, 512)
(512, 512)
(512, 512)
(512, 512)
(512, 512)
(512, 512)
(512, 512)
(512, 512)
(512, 512)
(512, 512)
(512, 512)
(512, 512)
(512, 512)
(512, 512)
(512, 512)
(512, 512)
(512, 512)
(512, 512)
(512, 512)
(512, 512)
(512, 512)
(512, 512)
(512, 512)
(512, 512)
(512, 512)
(512, 512)
(512, 512)
(512, 512)
(512, 512)
(512, 512)
(512, 512)
(512, 512)
(512, 512)
(512, 512)
(512, 512)
(512, 512)
(512, 512)
(512, 512)
(512, 512)
(512, 512)
(512, 512)
(512, 512)
(512, 512)
(512, 512)
(512, 512)
(512, 512)
(512, 512)
(512, 512)
(512, 512)
(512, 512)
(512, 512)
(512, 512)
(512, 512)
(512, 512)
(512, 512)
(512, 512)
(512, 512)
(512, 512)
(512, 512)
(512, 512)
(512, 512)
(512, 512)
(512, 512)
(512, 512)
(512, 512)
(512, 512)
(512, 512)
(512, 512)
(512, 512)
(512, 512)
(512, 512)
(512, 512)
(512, 512)
(512, 512)
(512, 512)
(512, 512)
(512, 512)
(512, 512)
(512, 512)
(512, 512)
(512, 512)
(512, 512)
(512, 512)
(512, 512)
(512, 512)
(512, 512)
(512, 512)
(512, 512)
(512, 512)
Rank 30: Progress 7400/7502 (processed: 140, skipped: 0)
(512, 512)
(512, 512)
(512, 512)
(512, 512)
(512, 512)
(512, 512)
(512, 512)
(512, 512)
(512, 512)
(512, 512)
(512, 512)
(512, 512)
(512, 512)
(512, 512)
(512, 512)
(512, 512)
(512, 512)
(512, 512)
(512, 512)
(512, 512)
(512, 512)
(512, 512)
(512, 512)
(512, 512)
(512, 512)
(512, 512)
(512, 512)
(512, 512)
(512, 512)
(512, 512)
(512, 512)
(512, 512)
(512, 512)
(512, 512)
(512, 512)
(512, 512)
(512, 512)
(512, 512)
(512, 512)
(512, 512)
(512, 512)
(512, 512)
(512, 512)
(512, 512)
(512, 512)
(512, 512)
(512, 512)
(512, 512)
(512, 512)
(512, 512)
(512, 512)
(512, 512)
(512, 512)
(512, 512)
(512, 512)
(512, 512)
(512, 512)
(512, 512)
(512, 512)
(512, 512)
(512, 512)
(512, 512)
(512, 512)
(512, 512)
(512, 512)
(512, 512)
(512, 512)
(512, 512)
(512, 512)
(512, 512)
(512, 512)
(512, 512)
(512, 512)
(512, 512)
(512, 512)
(512, 512)
(512, 512)
(512, 512)
(512, 512)
(512, 512)
(512, 512)
(512, 512)
(512, 512)
(512, 512)
(512, 512)
(512, 512)
(512, 512)
(512, 512)
(512, 512)
(512, 512)
(512, 512)
(512, 512)
(512, 512)
(512, 512)
(512, 512)
(512, 512)
(512, 512)
(512, 512)
(512, 512)
(512, 512)
(512, 512)
(512, 512)
(512, 512)
(512, 512)
(512, 512)
(512, 512)
(512, 512)
(512, 512)
(512, 512)
(512, 512)
(512, 512)
(512, 512)
(512, 512)
(512, 512)
(512, 512)
(512, 512)
(512, 512)
(512, 512)
(512, 512)
(512, 512)
(512, 512)
(512, 512)
(512, 512)
(512, 512)
(512, 512)
(512, 512)
(512, 512)
(512, 512)
(512, 512)
(512, 512)
(512, 512)
(512, 512)
(512, 512)
(512, 512)
(512, 512)
(512, 512)
(512, 512)
(512, 512)
(512, 512)
(512, 512)
(512, 512)
(512, 512)
(512, 512)
(512, 512)
(512, 512)
(512, 512)
(512, 512)
(512, 512)
(512, 512)
(512, 512)
(512, 512)
(512, 512)
(512, 512)
(512, 512)
(512, 512)
(512, 512)
(512, 512)
(512, 512)
(512, 512)
(512, 512)
(512, 512)
(512, 512)
(512, 512)
(512, 512)
(512, 512)
(512, 512)
(512, 512)
(512, 512)
(512, 512)
(512, 512)
(512, 512)
(512, 512)
(512, 512)
(512, 512)
(512, 512)
(512, 512)
(512, 512)
(512, 512)
(512, 512)
(512, 512)
(512, 512)
(512, 512)
(512, 512)
(512, 512)
(512, 512)
(512, 512)
(512, 512)
(512, 512)
(512, 512)
(512, 512)
(512, 512)
(512, 512)
(512, 512)
(512, 512)
(512, 512)
(512, 512)
(512, 512)
(512, 512)
(512, 512)
(512, 512)
Rank 30: Progress 7500/7502 (processed: 240, skipped: 0)
(512, 512)
(512, 512)
(512, 512)
(512, 512)
Rank 30 finished!
  Total processed: 242
  Total skipped: 0
