2026-01-29 14:04:36.935288: I tensorflow/core/util/port.cc:153] oneDNN custom operations are on. You may see slightly different numerical results due to floating-point round-off errors from different computation orders. To turn them off, set the environment variable `TF_ENABLE_ONEDNN_OPTS=0`.
2026-01-29 14:04:37.000759: I tensorflow/core/platform/cpu_feature_guard.cc:210] This TensorFlow binary is optimized to use available CPU instructions in performance-critical operations.
To enable the following instructions: AVX2 AVX512F AVX512_VNNI FMA, in other operations, rebuild TensorFlow with the appropriate compiler flags.
2026-01-29 14:04:38.424091: I tensorflow/core/util/port.cc:153] oneDNN custom operations are on. You may see slightly different numerical results due to floating-point round-off errors from different computation orders. To turn them off, set the environment variable `TF_ENABLE_ONEDNN_OPTS=0`.
Initializing ParquetItemProcessor with target_size=512...
Loading datasets: ['tyfeld/editworld-reasoning']
  Loading tyfeld/editworld-reasoning...
    Loaded 7736 samples
Total number of items: 7736
Starting from index 3630
Rank 15/32: Processing items 3630 to 3871
(512, 512)
(512, 512)
(512, 512)
(512, 512)
(512, 512)
(512, 512)
(512, 512)
(512, 512)
(512, 512)
(512, 512)
(512, 512)
(512, 512)
(512, 512)
(512, 512)
(512, 512)
(512, 512)
(512, 512)
(512, 512)
(512, 512)
(512, 512)
(512, 512)
(512, 512)
(512, 512)
(512, 512)
(512, 512)
(512, 512)
(512, 512)
(512, 512)
(512, 512)
(512, 512)
(512, 512)
(512, 512)
(512, 512)
(512, 512)
(512, 512)
(512, 512)
(512, 512)
(512, 512)
(512, 512)
(512, 512)
(512, 512)
(512, 512)
(512, 512)
(512, 512)
(512, 512)
(512, 512)
(512, 512)
(512, 512)
(512, 512)
(512, 512)
(512, 512)
(512, 512)
(512, 512)
(512, 512)
(512, 512)
(512, 512)
(512, 512)
(512, 512)
(512, 512)
(512, 512)
(512, 512)
(512, 512)
(512, 512)
(512, 512)
(512, 512)
(512, 512)
(512, 512)
(512, 512)
(512, 512)
(512, 512)
(512, 512)
(512, 512)
(512, 512)
(512, 512)
(512, 512)
(512, 512)
(512, 512)
(512, 512)
(512, 512)
(512, 512)
(512, 512)
(512, 512)
(512, 512)
(512, 512)
(512, 512)
(512, 512)
(512, 512)
(512, 512)
(512, 512)
(512, 512)
(512, 512)
(512, 512)
(512, 512)
(512, 512)
(512, 512)
(512, 512)
(512, 512)
(512, 512)
(512, 512)
(512, 512)
(512, 512)
(512, 512)
(512, 512)
(512, 512)
(512, 512)
(512, 512)
(512, 512)
(512, 512)
(512, 512)
(512, 512)
(512, 512)
(512, 512)
(512, 512)
(512, 512)
(512, 512)
(512, 512)
(512, 512)
(512, 512)
(512, 512)
(512, 512)
(512, 512)
(512, 512)
(512, 512)
(512, 512)
(512, 512)
(512, 512)
(512, 512)
(512, 512)
(512, 512)
(512, 512)
(512, 512)
(512, 512)
(512, 512)
(512, 512)
(512, 512)
(512, 512)
(512, 512)
(512, 512)
(512, 512)
(512, 512)
Rank 15: Progress 3700/3872 (processed: 70, skipped: 0)
(512, 512)
(512, 512)
(512, 512)
(512, 512)
(512, 512)
(512, 512)
(512, 512)
(512, 512)
(512, 512)
(512, 512)
(512, 512)
(512, 512)
(512, 512)
(512, 512)
(512, 512)
(512, 512)
(512, 512)
(512, 512)
(512, 512)
(512, 512)
(512, 512)
(512, 512)
(512, 512)
(512, 512)
(512, 512)
(512, 512)
(512, 512)
(512, 512)
(512, 512)
(512, 512)
(512, 512)
(512, 512)
(512, 512)
(512, 512)
(512, 512)
(512, 512)
(512, 512)
(512, 512)
(512, 512)
(512, 512)
(512, 512)
(512, 512)
(512, 512)
(512, 512)
(512, 512)
(512, 512)
(512, 512)
(512, 512)
(512, 512)
(512, 512)
(512, 512)
(512, 512)
(512, 512)
(512, 512)
(512, 512)
(512, 512)
(512, 512)
(512, 512)
(512, 512)
(512, 512)
(512, 512)
(512, 512)
(512, 512)
(512, 512)
(512, 512)
(512, 512)
(512, 512)
(512, 512)
(512, 512)
(512, 512)
(512, 512)
(512, 512)
(512, 512)
(512, 512)
(512, 512)
(512, 512)
(512, 512)
(512, 512)
(512, 512)
(512, 512)
(512, 512)
(512, 512)
(512, 512)
(512, 512)
(512, 512)
(512, 512)
(512, 512)
(512, 512)
(512, 512)
(512, 512)
(512, 512)
(512, 512)
(512, 512)
(512, 512)
(512, 512)
(512, 512)
(512, 512)
(512, 512)
(512, 512)
(512, 512)
(512, 512)
(512, 512)
(512, 512)
(512, 512)
(512, 512)
(512, 512)
(512, 512)
(512, 512)
(512, 512)
(512, 512)
(512, 512)
(512, 512)
(512, 512)
(512, 512)
(512, 512)
(512, 512)
(512, 512)
(512, 512)
(512, 512)
(512, 512)
(512, 512)
(512, 512)
(512, 512)
(512, 512)
(512, 512)
(512, 512)
(512, 512)
(512, 512)
(512, 512)
(512, 512)
(512, 512)
(512, 512)
(512, 512)
(512, 512)
(512, 512)
(512, 512)
(512, 512)
(512, 512)
(512, 512)
(512, 512)
(512, 512)
(512, 512)
(512, 512)
(512, 512)
(512, 512)
(512, 512)
(512, 512)
(512, 512)
(512, 512)
(512, 512)
(512, 512)
(512, 512)
(512, 512)
(512, 512)
(512, 512)
(512, 512)
(512, 512)
(512, 512)
(512, 512)
(512, 512)
(512, 512)
(512, 512)
(512, 512)
(512, 512)
(512, 512)
(512, 512)
(512, 512)
(512, 512)
(512, 512)
(512, 512)
(512, 512)
(512, 512)
(512, 512)
(512, 512)
(512, 512)
(512, 512)
(512, 512)
(512, 512)
(512, 512)
(512, 512)
(512, 512)
(512, 512)
(512, 512)
(512, 512)
(512, 512)
(512, 512)
(512, 512)
(512, 512)
(512, 512)
(512, 512)
(512, 512)
(512, 512)
(512, 512)
(512, 512)
(512, 512)
(512, 512)
(512, 512)
(512, 512)
(512, 512)
(512, 512)
Rank 15: Progress 3800/3872 (processed: 170, skipped: 0)
(512, 512)
(512, 512)
(512, 512)
(512, 512)
(512, 512)
(512, 512)
(512, 512)
(512, 512)
(512, 512)
(512, 512)
(512, 512)
(512, 512)
(512, 512)
(512, 512)
(512, 512)
(512, 512)
(512, 512)
(512, 512)
(512, 512)
(512, 512)
(512, 512)
(512, 512)
(512, 512)
(512, 512)
(512, 512)
(512, 512)
(512, 512)
(512, 512)
(512, 512)
(512, 512)
(512, 512)
(512, 512)
(512, 512)
(512, 512)
(512, 512)
(512, 512)
(512, 512)
(512, 512)
(512, 512)
(512, 512)
(512, 512)
(512, 512)
(512, 512)
(512, 512)
(512, 512)
(512, 512)
(512, 512)
(512, 512)
(512, 512)
(512, 512)
(512, 512)
(512, 512)
(512, 512)
(512, 512)
(512, 512)
(512, 512)
(512, 512)
(512, 512)
(512, 512)
(512, 512)
(512, 512)
(512, 512)
(512, 512)
(512, 512)
(512, 512)
(512, 512)
(512, 512)
(512, 512)
(512, 512)
(512, 512)
(512, 512)
(512, 512)
(512, 512)
(512, 512)
(512, 512)
(512, 512)
(512, 512)
(512, 512)
(512, 512)
(512, 512)
(512, 512)
(512, 512)
(512, 512)
(512, 512)
(512, 512)
(512, 512)
(512, 512)
(512, 512)
(512, 512)
(512, 512)
(512, 512)
(512, 512)
(512, 512)
(512, 512)
(512, 512)
(512, 512)
(512, 512)
(512, 512)
(512, 512)
(512, 512)
(512, 512)
(512, 512)
(512, 512)
(512, 512)
(512, 512)
(512, 512)
(512, 512)
(512, 512)
(512, 512)
(512, 512)
(512, 512)
(512, 512)
(512, 512)
(512, 512)
(512, 512)
(512, 512)
(512, 512)
(512, 512)
(512, 512)
(512, 512)
(512, 512)
(512, 512)
(512, 512)
(512, 512)
(512, 512)
(512, 512)
(512, 512)
(512, 512)
(512, 512)
(512, 512)
(512, 512)
(512, 512)
(512, 512)
(512, 512)
(512, 512)
(512, 512)
(512, 512)
(512, 512)
(512, 512)
(512, 512)
(512, 512)
(512, 512)
(512, 512)
(512, 512)
Rank 15 finished!
  Total processed: 242
  Total skipped: 0
